<?xml version="1.0" encoding="UTF-8"?>
<testng-results ignored="0" total="1" passed="1" failed="0" skipped="0">
  <reporter-output>
  </reporter-output>
  <suite started-at="2023-12-05T21:35:11 IST" name="Default suite" finished-at="2023-12-05T21:35:13 IST" duration-ms="1378">
    <groups>
    </groups>
    <test started-at="2023-12-05T21:35:11 IST" name="Default test" finished-at="2023-12-05T21:35:13 IST" duration-ms="1378">
      <class name="com.venu.keywordDriven.tests.LoginTest">
        <test-method signature="logintestMeth()[pri:0, instance:com.venu.keywordDriven.tests.LoginTest@71687585]" started-at="2023-12-05T21:35:11 IST" name="logintestMeth" finished-at="2023-12-05T21:35:13 IST" duration-ms="1317" status="PASS">
          <reporter-output>
          </reporter-output>
        </test-method> <!-- logintestMeth -->
      </class> <!-- com.venu.keywordDriven.tests.LoginTest -->
    </test> <!-- Default test -->
  </suite> <!-- Default suite -->
</testng-results>
